
216 | Initiating rover
216 | About to construct socket with robot
216 | Bound rover socket: took 2.8133392334e-05s
217 | Reading thresholds.json
218 | Read thresholds in 0.00100016593933s
218 | GETTING OBJECTS
1924 | Prepared for scanning
1975 | Panned servo 2 degrees in 0.0501449108124s
2409 | GETTING COLORS
2410 | Read image in 0.000287771224976s
2412 | Converted image to hsv in 0.00222706794739s
2413 | Created masks for BLUE in 0.000737905502319s
2415 | Simplified masks heavily in 0.00173211097717s
2416 | Found contours in 0.000427961349487s
2416 | Found largest contour
2416 | Simplified contour heavily in 3.38554382324e-05s
2417 | Created masks for RED in 0.00134587287903s
2419 | Simplified masks heavily in 0.00149393081665s
2420 | Found contours in 0.000488996505737s
4142 | Calculated distance and co-ordinates of BLUE object in 0.000110149383545s
4192 | Panned servo 2 degrees in 0.0504670143127s
4560 | GETTING COLORS
4560 | Read image in 0.000108003616333s
4562 | Converted image to hsv in 0.00153493881226s
4562 | Created masks for BLUE in 0.000538110733032s
4564 | Simplified masks heavily in 0.00136590003967s
4564 | Found contours in 0.00032114982605s
4565 | Created masks for RED in 0.000741004943848s
4566 | Simplified masks heavily in 0.000976085662842s
4566 | Found contours in 0.000148057937622s
5619 | Panned servo 2 degrees in 0.0501711368561s
6029 | GETTING COLORS
6029 | Read image in 0.000133991241455s
6031 | Converted image to hsv in 0.00151300430298s
6032 | Created masks for BLUE in 0.000610113143921s
6033 | Simplified masks heavily in 0.00133204460144s
6034 | Found contours in 0.00026798248291s
6034 | Created masks for RED in 0.000814914703369s
6036 | Simplified masks heavily in 0.00107479095459s
6036 | Found contours in 0.000247955322266s
6036 | Found largest contour
6036 | Simplified contour heavily in 1.59740447998e-05s
7090 | Panned servo 2 degrees in 0.0505030155182s
7474 | GETTING COLORS
7475 | Read image in 9.79900360107e-05s
7476 | Converted image to hsv in 0.0015869140625s
7477 | Created masks for BLUE in 0.000317811965942s
7478 | Simplified masks heavily in 0.000865936279297s
7478 | Found contours in 0.00019097328186s
7478 | Created masks for RED in 0.00059700012207s
7479 | Simplified masks heavily in 0.000921964645386s
7480 | Found contours in 0.000303983688354s
7480 | Found largest contour
7480 | Simplified contour heavily in 1.59740447998e-05s
9188 | Calculated distance and co-ordinates of RED object in 0.000108003616333s
9238 | Panned servo 2 degrees in 0.0501639842987s
9666 | GETTING COLORS
9666 | Read image in 0.00010085105896s
9667 | Converted image to hsv in 0.00153493881226s
9668 | Created masks for BLUE in 0.000339984893799s
9669 | Simplified masks heavily in 0.000854969024658s
9669 | Found contours in 0.000262975692749s
9670 | Created masks for RED in 0.000619173049927s
9671 | Simplified masks heavily in 0.000874042510986s
9671 | Found contours in 0.000154972076416s
10724 | Panned servo 2 degrees in 0.0504891872406s
11127 | GETTING COLORS
11127 | Read image in 9.89437103271e-05s
11129 | Converted image to hsv in 0.00168585777283s
11129 | Created masks for BLUE in 0.000545978546143s
11131 | Simplified masks heavily in 0.0013530254364s
11131 | Found contours in 0.000346183776855s
11133 | Created masks for RED in 0.00111603736877s
11134 | Simplified masks heavily in 0.00151896476746s
11134 | Found contours in 0.000178098678589s
12187 | Panned servo 2 degrees in 0.0504689216614s
12601 | GETTING COLORS
12601 | Read image in 0.000102996826172s
12603 | Converted image to hsv in 0.00162696838379s
12603 | Created masks for BLUE in 0.000588893890381s
12605 | Simplified masks heavily in 0.00150895118713s
12605 | Found contours in 0.000296115875244s
12606 | Created masks for RED in 0.000979900360107s
12607 | Simplified masks heavily in 0.000971078872681s
12608 | Found contours in 0.00016713142395s
13661 | Panned servo 2 degrees in 0.0504710674286s
14026 | GETTING COLORS
14026 | Read image in 0.000116109848022s
14028 | Converted image to hsv in 0.00152182579041s
14029 | Created masks for BLUE in 0.000606060028076s
14030 | Simplified masks heavily in 0.00140881538391s
14030 | Found contours in 0.000292062759399s
14031 | Found largest contour
14031 | Simplified contour heavily in 1.4066696167e-05s
14032 | Created masks for RED in 0.00080394744873s
14033 | Simplified masks heavily in 0.00109696388245s
14033 | Found contours in 0.000169992446899s
15086 | Panned servo 2 degrees in 0.050271987915s
15460 | GETTING COLORS
15460 | Read image in 0.000103950500488s
15461 | Converted image to hsv in 0.00151801109314s
15462 | Created masks for BLUE in 0.000392913818359s
15463 | Simplified masks heavily in 0.000988006591797s
15463 | Found contours in 0.000245094299316s
15464 | Created masks for RED in 0.00075101852417s
15465 | Simplified masks heavily in 0.00100183486938s
15466 | Found contours in 0.000214099884033s
15466 | Found largest contour
15466 | Simplified contour heavily in 1.50203704834e-05s
16519 | Panned servo 2 degrees in 0.050507068634s
16923 | GETTING COLORS
16924 | Read image in 9.98973846436e-05s
16925 | Converted image to hsv in 0.00110387802124s
16926 | Created masks for BLUE in 0.000541925430298s
16927 | Simplified masks heavily in 0.00147294998169s
16928 | Found contours in 0.000303983688354s
16929 | Created masks for RED in 0.00103807449341s
16930 | Simplified masks heavily in 0.0014591217041s
16931 | Found contours in 0.000283002853394s
16931 | Found largest contour
16931 | Simplified contour heavily in 2.09808349609e-05s
17983 | Panned servo 2 degrees in 0.0506279468536s
18407 | GETTING COLORS
18407 | Read image in 0.000130891799927s
18409 | Converted image to hsv in 0.00144004821777s
18409 | Created masks for BLUE in 0.000524997711182s
18411 | Simplified masks heavily in 0.00125813484192s
18411 | Found contours in 0.000309944152832s
18411 | Found largest contour
18411 | Simplified contour heavily in 1.19209289551e-05s
18412 | Created masks for RED in 0.000697135925293s
18413 | Simplified masks heavily in 0.000962972640991s
18413 | Found contours in 0.000163078308105s
19466 | Panned servo 2 degrees in 0.0504269599915s
19872 | GETTING COLORS
19872 | Read image in 0.000107049942017s
19874 | Converted image to hsv in 0.00153613090515s
19874 | Created masks for BLUE in 0.000391960144043s
19875 | Simplified masks heavily in 0.00098180770874s
19876 | Found contours in 0.000295877456665s
19876 | Found largest contour
19876 | Simplified contour heavily in 1.09672546387e-05s
19877 | Created masks for RED in 0.00078010559082s
19878 | Simplified masks heavily in 0.0010769367218s
19878 | Found contours in 0.000218152999878s
19878 | Found largest contour
19878 | Simplified contour heavily in 1.31130218506e-05s
21585 | Calculated distance and co-ordinates of BLUE object in 0.00011682510376s
21636 | Panned servo 2 degrees in 0.0504779815674s
22061 | GETTING COLORS
22061 | Read image in 9.29832458496e-05s
22063 | Converted image to hsv in 0.00124096870422s
22063 | Created masks for BLUE in 0.000545978546143s
22065 | Simplified masks heavily in 0.0014500617981s
22065 | Found contours in 0.000371932983398s
22065 | Found largest contour
22066 | Simplified contour heavily in 1.69277191162e-05s
22067 | Created masks for RED in 0.00148391723633s
22069 | Simplified masks heavily in 0.00145697593689s
22069 | Found contours in 0.000292062759399s
22069 | Found largest contour
22070 | Simplified contour heavily in 2.09808349609e-05s
23778 | Calculated distance and co-ordinates of BLUE object in 0.00010085105896s
23829 | Panned servo 2 degrees in 0.0504767894745s
24196 | GETTING COLORS
24196 | Read image in 9.51290130615e-05s
24198 | Converted image to hsv in 0.00151705741882s
24198 | Created masks for BLUE in 0.000326156616211s
24199 | Simplified masks heavily in 0.000828981399536s
24199 | Found contours in 0.000265121459961s
24199 | Found largest contour
24199 | Simplified contour heavily in 1.50203704834e-05s
24200 | Created masks for RED in 0.000673055648804s
24201 | Simplified masks heavily in 0.000946998596191s
24202 | Found contours in 0.000213861465454s
25911 | Calculated distance and co-ordinates of BLUE object in 0.0001060962677s
25961 | Panned servo 2 degrees in 0.0504848957062s
26348 | GETTING COLORS
26349 | Read image in 0.000116109848022s
26350 | Converted image to hsv in 0.00154399871826s
26351 | Created masks for BLUE in 0.000535011291504s
26352 | Simplified masks heavily in 0.00131607055664s
26353 | Found contours in 0.000399112701416s
26353 | Found largest contour
26353 | Simplified contour heavily in 2.69412994385e-05s
26354 | Created masks for RED in 0.00104212760925s
26356 | Simplified masks heavily in 0.00144791603088s
26356 | Found contours in 0.00025486946106s
26356 | Found largest contour
26356 | Simplified contour heavily in 2.50339508057e-05s
28065 | Calculated distance and co-ordinates of BLUE object in 0.000110864639282s
28116 | Panned servo 2 degrees in 0.0504770278931s
28509 | GETTING COLORS
28509 | Read image in 0.000102996826172s
28511 | Converted image to hsv in 0.00112199783325s
28511 | Created masks for BLUE in 0.000330924987793s
28512 | Simplified masks heavily in 0.000869989395142s
28512 | Found contours in 0.000349044799805s
28513 | Found largest contour
28513 | Simplified contour heavily in 2.09808349609e-05s
28514 | Created masks for RED in 0.00124096870422s
28516 | Simplified masks heavily in 0.00206995010376s
28517 | Found contours in 0.000293016433716s
28517 | Found largest contour
28517 | Simplified contour heavily in 2.00271606445e-05s
29571 | Panned servo 2 degrees in 0.0504760742188s
30006 | GETTING COLORS
30007 | Read image in 0.000117063522339s
30008 | Converted image to hsv in 0.00105786323547s
30009 | Created masks for BLUE in 0.000499963760376s
30010 | Simplified masks heavily in 0.00102400779724s
30010 | Found contours in 0.000288963317871s
30010 | Found largest contour
30010 | Simplified contour heavily in 1.28746032715e-05s
30011 | Created masks for RED in 0.000694990158081s
30013 | Simplified masks heavily in 0.00153684616089s
30013 | Found contours in 0.000264167785645s
30013 | Found largest contour
30013 | Simplified contour heavily in 3.09944152832e-05s
31066 | Panned servo 2 degrees in 0.0503470897675s
31502 | GETTING COLORS
31503 | Read image in 0.000108003616333s
31505 | Converted image to hsv in 0.00173497200012s
31505 | Created masks for BLUE in 0.000704050064087s
31507 | Simplified masks heavily in 0.00130009651184s
31507 | Found contours in 0.000293016433716s
31507 | Found largest contour
31507 | Simplified contour heavily in 1.38282775879e-05s
31508 | Created masks for RED in 0.000805139541626s
31510 | Simplified masks heavily in 0.00117301940918s
31510 | Found contours in 0.000274896621704s
31510 | Found largest contour
31510 | Simplified contour heavily in 1.81198120117e-05s
33218 | Calculated distance and co-ordinates of RED object in 0.000104904174805s
33269 | Panned servo 2 degrees in 0.050311088562s
33712 | GETTING COLORS
33712 | Read image in 0.000103950500488s
33714 | Converted image to hsv in 0.00130105018616s
33714 | Created masks for BLUE in 0.000334024429321s
33715 | Simplified masks heavily in 0.000871896743774s
33715 | Found contours in 0.000234842300415s
33716 | Created masks for RED in 0.000616073608398s
33717 | Simplified masks heavily in 0.000822067260742s
33717 | Found contours in 0.000125885009766s
34771 | Panned servo 2 degrees in 0.0501701831818s
35139 | GETTING COLORS
35139 | Read image in 0.000113964080811s
35141 | Converted image to hsv in 0.00151991844177s
35141 | Created masks for BLUE in 0.000334978103638s
35142 | Simplified masks heavily in 0.00080680847168s
35142 | Found contours in 0.000251054763794s
35143 | Created masks for RED in 0.000599145889282s
35144 | Simplified masks heavily in 0.000830888748169s
35144 | Found contours in 0.000179052352905s
36197 | Panned servo 2 degrees in 0.0505170822144s
36576 | GETTING COLORS
36576 | Read image in 0.000102996826172s
36578 | Converted image to hsv in 0.00108098983765s
36578 | Created masks for BLUE in 0.000371932983398s
36579 | Simplified masks heavily in 0.000961065292358s
36579 | Found contours in 0.000268936157227s
36580 | Created masks for RED in 0.000738143920898s
36581 | Simplified masks heavily in 0.00107216835022s
36582 | Found contours in 0.000243902206421s
37634 | Panned servo 2 degrees in 0.050262928009s
38019 | GETTING COLORS
38020 | Read image in 0.000101089477539s
38021 | Converted image to hsv in 0.00116395950317s
38021 | Created masks for BLUE in 0.000341176986694s
38022 | Simplified masks heavily in 0.00088095664978s
38023 | Found contours in 0.000185012817383s
38023 | Created masks for RED in 0.000611066818237s
38024 | Simplified masks heavily in 0.000834941864014s
38024 | Found contours in 0.000214099884033s
38024 | Found largest contour
38025 | Simplified contour heavily in 1.28746032715e-05s
39734 | ALERTING RELEVANT CARS
39734 | GETTING COORDS
39735 | Asking ('172.16.80.130', 10004) aka Laptop_1 for its location
39735 | Asked all recipients for locations in 0.000164985656738s
39735 | Waiting for co-ordinates
39839 | Received information from ('172.16.80.130', 10004) after 0.104318857193s
39839 | Received co-ordinated in 0.104558944702s
39839 | Co-ordinates received are [20, 20]
39840 | Sending START command to ('172.16.80.130', 10004) about BLUE object
39840 | SENT in 0.000149965286255s
39840 | Sending START command to ('172.16.80.130', 10004) about RED object
39840 | SENT in 0.000162839889526s
39840 | MANAGING PHOTO REQUESTS
39840 | Waiting for image requests
39848 | Received information from ('172.16.80.130', 10004) after 0.00749897956848s
39848 | Received image request after 0.00792384147644s
39848 | Moving camera to face object
40850 | About to send command to take photo of object from stream
40850 | Sent command to take photo to ('172.16.80.130', 10004)
40850 | Listening for photo process end acknowledgement
40850 | Received information from ('172.16.80.130', 10004) after 1.59740447998e-05s
40850 | Waiting for image requests
41436 | Received information from ('172.16.80.130', 10004) after 0.585958957672s
41437 | Received image request after 0.586239814758s
41437 | Waiting for image requests
215 | Initiating rover
215 | About to construct socket with robot
216 | Bound rover socket: took 3.19480895996e-05s
248 | Reading thresholds.json
249 | Read thresholds in 0.000749826431274s
252 | Initiating rover
253 | About to construct socket with robot
253 | Bound rover socket: took 4.19616699219e-05s
287 | Reading thresholds.json
288 | Read thresholds in 0.00129008293152s
246 | Initiating rover
246 | About to construct socket with robot
246 | Bound rover socket: took 4.00543212891e-05s
281 | Reading thresholds.json
283 | Read thresholds in 0.00136303901672s
223 | Initiating rover
224 | About to construct socket with robot
224 | Bound rover socket: took 4.88758087158e-05s
257 | Reading thresholds.json
258 | Read thresholds in 0.000504970550537s
296 | Initiating rover
296 | About to construct socket with robot
297 | Bound rover socket: took 4.10079956055e-05s
330 | Reading thresholds.json
332 | Read thresholds in 0.00100708007812s
258 | Initiating rover
258 | About to construct socket with robot
259 | Bound rover socket: took 4.10079956055e-05s
294 | Reading thresholds.json
295 | Read thresholds in 0.000641107559204s
275 | Initiating rover
275 | About to construct socket with robot
275 | Bound rover socket: took 4.19616699219e-05s
307 | Reading thresholds.json
308 | Read thresholds in 0.000834941864014s
263 | Initiating rover
263 | About to construct socket with robot
263 | Bound rover socket: took 4.60147857666e-05s
298 | Reading thresholds.json
298 | Read thresholds in 0.00076699256897s
229 | Initiating rover
230 | About to construct socket with robot
230 | Bound rover socket: took 3.69548797607e-05s
264 | Reading thresholds.json
265 | Read thresholds in 0.00141406059265s
264 | Initiating rover
264 | About to construct socket with robot
264 | Bound rover socket: took 3.71932983398e-05s
301 | Reading thresholds.json
302 | Read thresholds in 0.000864028930664s
242 | Initiating rover
242 | About to construct socket with robot
243 | Bound rover socket: took 3.19480895996e-05s
272 | Reading thresholds.json
273 | Read thresholds in 0.000727891921997s
256 | Initiating rover
256 | About to construct socket with robot
257 | Bound rover socket: took 4.38690185547e-05s
291 | Reading thresholds.json
292 | Read thresholds in 0.000694036483765s
257 | Initiating rover
257 | About to construct socket with robot
257 | Bound rover socket: took 9.79900360107e-05s
299 | Reading thresholds.json
300 | Read thresholds in 0.000615835189819s
261 | Initiating rover
261 | About to construct socket with robot
261 | Bound rover socket: took 4.10079956055e-05s
302 | Reading thresholds.json
303 | Read thresholds in 0.000830173492432s
247 | Initiating rover
248 | About to construct socket with robot
248 | Bound rover socket: took 3.50475311279e-05s
285 | Reading thresholds.json
286 | Read thresholds in 0.000733137130737s
242 | Initiating rover
242 | About to construct socket with robot
242 | Bound rover socket: took 3.48091125488e-05s
272 | Reading thresholds.json
273 | Read thresholds in 0.000730037689209s
271 | Initiating rover
271 | About to construct socket with robot
271 | Bound rover socket: took 4.60147857666e-05s
307 | Reading thresholds.json
308 | Read thresholds in 0.000708103179932s
258 | Initiating rover
258 | About to construct socket with robot
258 | Bound rover socket: took 4.50611114502e-05s
294 | Reading thresholds.json
295 | Read thresholds in 0.000895023345947s
263 | Initiating rover
263 | About to construct socket with robot
263 | Bound rover socket: took 3.69548797607e-05s
296 | Reading thresholds.json
297 | Read thresholds in 0.000877141952515s
254 | Initiating rover
254 | About to construct socket with robot
254 | Bound rover socket: took 4.6968460083e-05s
287 | Reading thresholds.json
288 | Read thresholds in 0.000648975372314s
247 | Initiating rover
247 | About to construct socket with robot
247 | Bound rover socket: took 4.60147857666e-05s
287 | Reading thresholds.json
288 | Read thresholds in 0.000743865966797s
223 | Initiating rover
224 | About to construct socket with robot
224 | Bound rover socket: took 4.29153442383e-05s
259 | Reading thresholds.json
260 | Read thresholds in 0.000487804412842s
267 | Initiating rover
267 | About to construct socket with robot
267 | Bound rover socket: took 4.29153442383e-05s
303 | Reading thresholds.json
304 | Read thresholds in 0.000592947006226s
296 | Initiating rover
296 | About to construct socket with robot
297 | Bound rover socket: took 4.38690185547e-05s
330 | Reading thresholds.json
331 | Read thresholds in 0.000601768493652s
289 | Initiating rover
289 | About to construct socket with robot
289 | Bound rover socket: took 3.19480895996e-05s
321 | Reading thresholds.json
322 | Read thresholds in 0.000693082809448s
312 | Initiating rover
313 | About to construct socket with robot
313 | Bound rover socket: took 4.41074371338e-05s
350 | Reading thresholds.json
352 | Read thresholds in 0.000919818878174s
233 | Initiating rover
234 | About to construct socket with robot
234 | Bound rover socket: took 3.69548797607e-05s
265 | Reading thresholds.json
266 | Read thresholds in 0.00080394744873s
262 | Initiating rover
262 | About to construct socket with robot
262 | Bound rover socket: took 4.50611114502e-05s
300 | Reading thresholds.json
301 | Read thresholds in 0.00062108039856s
254 | Initiating rover
254 | About to construct socket with robot
255 | Bound rover socket: took 4.19616699219e-05s
289 | Reading thresholds.json
290 | Read thresholds in 0.000624179840088s
241 | Initiating rover
241 | About to construct socket with robot
241 | Bound rover socket: took 5.60283660889e-05s
279 | Reading thresholds.json
280 | Read thresholds in 0.000777006149292s
259 | Initiating rover
259 | About to construct socket with robot
259 | Bound rover socket: took 3.81469726562e-05s
290 | Reading thresholds.json
291 | Read thresholds in 0.000685930252075s
259 | Initiating rover
259 | About to construct socket with robot
259 | Bound rover socket: took 3.38554382324e-05s
304 | Reading thresholds.json
305 | Read thresholds in 0.000728845596313s
251 | Initiating rover
251 | About to construct socket with robot
251 | Bound rover socket: took 4.81605529785e-05s
285 | Reading thresholds.json
285 | Read thresholds in 0.00061297416687s
267 | Initiating rover
267 | About to construct socket with robot
267 | Bound rover socket: took 4.88758087158e-05s
300 | Reading thresholds.json
301 | Read thresholds in 0.000777006149292s
276 | Initiating rover
276 | About to construct socket with robot
276 | Bound rover socket: took 3.38554382324e-05s
317 | Reading thresholds.json
318 | Read thresholds in 0.000639915466309s
245 | Initiating rover
245 | About to construct socket with robot
245 | Bound rover socket: took 3.19480895996e-05s
276 | Reading thresholds.json
277 | Read thresholds in 0.000684022903442s
244 | Initiating rover
244 | About to construct socket with robot
244 | Bound rover socket: took 3.50475311279e-05s
279 | Reading thresholds.json
280 | Read thresholds in 0.000975131988525s
